-------------------------------------------------------------------------------
Test set: LoginTest
-------------------------------------------------------------------------------
Tests run: 6, Failures: 1, Errors: 0, Skipped: 0, Time elapsed: 66.254 s <<< FAILURE! - in LoginTest
courierWithPasswordNull(LoginTest)  Time elapsed: 60.511 s  <<< FAILURE!
java.lang.AssertionError: 
1 expectation failed.
Expected status code <400> but was <504>.

	at LoginTest.courierWithPasswordNull(LoginTest.java:45)

